<?xml version="1.0" encoding="UTF-8"?>
<!-- Generated by org.testng.reporters.JUnitReportReporter -->
<testsuite hostname="LAPTOP-GKHAGQFD" failures="0" tests="1" name="testCases.SelectTestCase" time="0.525" errors="0" timestamp="2022-10-01T14:59:28 IST" skipped="0">
  <testcase classname="testCases.SelectTestCase" name="AddToCart" time="0.525"/>
  <system-out/>
</testsuite> <!-- testCases.SelectTestCase -->
