<?xml version="1.0" encoding="UTF-8"?>
<!-- Generated by org.testng.reporters.JUnitReportReporter -->
<testsuite hostname="LAPTOP-GKHAGQFD" failures="0" tests="1" name="testCases.LoginTestCase" time="0.273" errors="0" timestamp="2022-10-01T14:59:28 IST" skipped="0">
  <testcase classname="testCases.LoginTestCase" name="Login" time="0.273"/>
  <system-out/>
</testsuite> <!-- testCases.LoginTestCase -->
